{
  "RSpec": {
    "coverage": {
      "/home/smylle/UnB/1-2021/Engenharia de Software/Projeto/forked sergio/Reserva-de-Salas/spec/controllers/dashboard_controller_spec.rb": {
        "lines": [
          1,
          null,
          1,
          1,
          1,
          1,
          1,
          null,
          null,
          null,
          null,
          null,
          null,
          null,
          null,
          null,
          null,
          null,
          null,
          null,
          null,
          null
        ]
      },
      "/home/smylle/UnB/1-2021/Engenharia de Software/Projeto/forked sergio/Reserva-de-Salas/spec/rails_helper.rb": {
        "lines": [
          null,
          1,
          1,
          1,
          1,
          null,
          1,
          1,
          null,
          null,
          null,
          null,
          null,
          null,
          null,
          null,
          null,
          null,
          null,
          null,
          null,
          null,
          null,
          null,
          null,
          null,
          null,
          1,
          null,
          1,
          null,
          1,
          1,
          1,
          1,
          1,
          null,
          null,
          null,
          1,
          null,
          null,
          null,
          null,
          null,
          null,
          null,
          null,
          null,
          null,
          null,
          null,
          null,
          null,
          1,
          null,
          null,
          1,
          null,
          null,
          null,
          null,
          1,
          1,
          1,
          1,
          null,
          null,
          null,
          null
        ]
      },
      "/home/smylle/UnB/1-2021/Engenharia de Software/Projeto/forked sergio/Reserva-de-Salas/config/environment.rb": {
        "lines": [
          null,
          1,
          null,
          null,
          1
        ]
      },
      "/home/smylle/UnB/1-2021/Engenharia de Software/Projeto/forked sergio/Reserva-de-Salas/config/application.rb": {
        "lines": [
          1,
          null,
          1,
          null,
          1,
          1,
          1,
          1,
          1,
          1,
          1,
          1,
          null,
          null,
          null,
          null,
          1,
          null,
          1,
          1,
          null,
          1,
          null,
          null,
          null,
          null,
          null,
          null,
          1,
          null,
          null
        ]
      },
      "/home/smylle/UnB/1-2021/Engenharia de Software/Projeto/forked sergio/Reserva-de-Salas/config/boot.rb": {
        "lines": [
          1,
          null,
          1
        ]
      },
      "/home/smylle/UnB/1-2021/Engenharia de Software/Projeto/forked sergio/Reserva-de-Salas/config/environments/test.rb": {
        "lines": [
          1,
          null,
          null,
          null,
          null,
          null,
          null,
          1,
          null,
          null,
          null,
          null,
          1,
          null,
          null,
          1,
          1,
          null,
          null,
          null,
          null,
          1,
          1,
          null,
          null,
          1,
          null,
          null,
          1,
          1,
          null,
          null,
          null,
          null,
          1,
          null,
          null,
          1,
          null,
          null,
          null,
          null
        ]
      },
      "/home/smylle/UnB/1-2021/Engenharia de Software/Projeto/forked sergio/Reserva-de-Salas/config/initializers/application_controller_renderer.rb": {
        "lines": [
          null,
          null,
          null,
          null,
          null,
          null,
          null,
          null
        ]
      },
      "/home/smylle/UnB/1-2021/Engenharia de Software/Projeto/forked sergio/Reserva-de-Salas/config/initializers/assets.rb": {
        "lines": [
          null,
          null,
          null,
          1,
          null,
          null,
          null,
          null,
          1,
          1,
          1,
          1,
          1,
          null,
          null,
          null,
          1
        ]
      },
      "/home/smylle/UnB/1-2021/Engenharia de Software/Projeto/forked sergio/Reserva-de-Salas/config/initializers/backtrace_silencers.rb": {
        "lines": [
          null,
          null,
          null,
          null,
          null,
          null,
          null
        ]
      },
      "/home/smylle/UnB/1-2021/Engenharia de Software/Projeto/forked sergio/Reserva-de-Salas/config/initializers/cookies_serializer.rb": {
        "lines": [
          null,
          null,
          null,
          null,
          1
        ]
      },
      "/home/smylle/UnB/1-2021/Engenharia de Software/Projeto/forked sergio/Reserva-de-Salas/config/initializers/devise.rb": {
        "lines": [
          null,
          null,
          null,
          null,
          1,
          null,
          null,
          null,
          null,
          null,
          null,
          null,
          null,
          null,
          null,
          null,
          null,
          null,
          null,
          null,
          1,
          null,
          null,
          null,
          null,
          null,
          null,
          null,
          null,
          null,
          null,
          null,
          1,
          null,
          null,
          null,
          null,
          null,
          null,
          null,
          null,
          null,
          null,
          null,
          null,
          null,
          null,
          null,
          null,
          null,
          null,
          null,
          null,
          null,
          1,
          null,
          null,
          null,
          null,
          1,
          null,
          null,
          null,
          null,
          null,
          null,
          null,
          null,
          null,
          null,
          null,
          null,
          null,
          null,
          null,
          null,
          null,
          null,
          null,
          null,
          null,
          null,
          null,
          null,
          null,
          null,
          null,
          null,
          null,
          null,
          1,
          null,
          null,
          null,
          null,
          null,
          null,
          null,
          null,
          null,
          null,
          null,
          null,
          null,
          null,
          null,
          null,
          null,
          null,
          null,
          null,
          null,
          null,
          1,
          null,
          null,
          null,
          null,
          null,
          null,
          null,
          null,
          null,
          null,
          null,
          null,
          null,
          null,
          null,
          null,
          null,
          null,
          null,
          null,
          null,
          null,
          null,
          null,
          null,
          null,
          null,
          null,
          null,
          null,
          1,
          null,
          null,
          null,
          null,
          null,
          null,
          null,
          null,
          null,
          1,
          null,
          null,
          null,
          null,
          null,
          null,
          null,
          null,
          null,
          null,
          1,
          null,
          null,
          null,
          null,
          1,
          null,
          null,
          null,
          null,
          null,
          null,
          null,
          null,
          null,
          null,
          null,
          null,
          null,
          null,
          null,
          null,
          null,
          null,
          null,
          null,
          null,
          null,
          null,
          null,
          null,
          null,
          null,
          null,
          null,
          null,
          null,
          null,
          null,
          null,
          null,
          null,
          null,
          null,
          null,
          null,
          1,
          null,
          null,
          null,
          null,
          null,
          null,
          null,
          null,
          null,
          null,
          null,
          null,
          null,
          null,
          null,
          null,
          null,
          null,
          null,
          null,
          null,
          null,
          null,
          null,
          null,
          null,
          null,
          null,
          null,
          null,
          null,
          null,
          null,
          null,
          null,
          null,
          null,
          null,
          null,
          null,
          null,
          1,
          null,
          null,
          null,
          null,
          null,
          null,
          null,
          null,
          null,
          null,
          null,
          null,
          null,
          null,
          null,
          null,
          null,
          null,
          null,
          null,
          null,
          null,
          null,
          null,
          null,
          null,
          null,
          null,
          null
        ]
      },
      "/home/smylle/UnB/1-2021/Engenharia de Software/Projeto/forked sergio/Reserva-de-Salas/config/initializers/filter_parameter_logging.rb": {
        "lines": [
          null,
          null,
          null,
          1
        ]
      },
      "/home/smylle/UnB/1-2021/Engenharia de Software/Projeto/forked sergio/Reserva-de-Salas/config/initializers/inflections.rb": {
        "lines": [
          null,
          null,
          null,
          null,
          null,
          null,
          null,
          null,
          null,
          null,
          null,
          null,
          null,
          null,
          null,
          null
        ]
      },
      "/home/smylle/UnB/1-2021/Engenharia de Software/Projeto/forked sergio/Reserva-de-Salas/config/initializers/mime_types.rb": {
        "lines": [
          null,
          null,
          null,
          null
        ]
      },
      "/home/smylle/UnB/1-2021/Engenharia de Software/Projeto/forked sergio/Reserva-de-Salas/config/initializers/wrap_parameters.rb": {
        "lines": [
          null,
          null,
          null,
          null,
          null,
          null,
          1,
          2,
          null,
          null,
          null,
          null,
          null,
          null
        ]
      },
      "/home/smylle/UnB/1-2021/Engenharia de Software/Projeto/forked sergio/Reserva-de-Salas/spec/factories/appointment.rb": {
        "lines": [
          1,
          1,
          1,
          1,
          null,
          null
        ]
      },
      "/home/smylle/UnB/1-2021/Engenharia de Software/Projeto/forked sergio/Reserva-de-Salas/spec/factories/room.rb": {
        "lines": [
          1,
          1,
          1,
          1,
          1,
          null,
          null,
          null
        ]
      },
      "/home/smylle/UnB/1-2021/Engenharia de Software/Projeto/forked sergio/Reserva-de-Salas/spec/factories/user.rb": {
        "lines": [
          1,
          1,
          1,
          1,
          1,
          1,
          1,
          1,
          null,
          null
        ]
      },
      "/home/smylle/UnB/1-2021/Engenharia de Software/Projeto/forked sergio/Reserva-de-Salas/config/routes.rb": {
        "lines": [
          1,
          null,
          1,
          null,
          1,
          null,
          1,
          null,
          1,
          1,
          1,
          1,
          1,
          1,
          1,
          1,
          1,
          1,
          1,
          null,
          null,
          null,
          1,
          1,
          1,
          1,
          1,
          1,
          null,
          null,
          null
        ]
      },
      "/home/smylle/UnB/1-2021/Engenharia de Software/Projeto/forked sergio/Reserva-de-Salas/app/models/user.rb": {
        "lines": [
          1,
          null,
          null,
          1,
          1,
          null,
          1,
          1,
          null,
          null,
          1,
          0,
          null,
          null
        ]
      },
      "/home/smylle/UnB/1-2021/Engenharia de Software/Projeto/forked sergio/Reserva-de-Salas/app/models/application_record.rb": {
        "lines": [
          1,
          1,
          null
        ]
      },
      "/home/smylle/UnB/1-2021/Engenharia de Software/Projeto/forked sergio/Reserva-de-Salas/app/helpers/admins_helper.rb": {
        "lines": [
          1,
          null
        ]
      },
      "/home/smylle/UnB/1-2021/Engenharia de Software/Projeto/forked sergio/Reserva-de-Salas/app/helpers/application_helper.rb": {
        "lines": [
          1,
          1,
          0,
          null,
          null,
          1,
          0,
          null,
          null,
          1,
          0,
          null,
          null
        ]
      },
      "/home/smylle/UnB/1-2021/Engenharia de Software/Projeto/forked sergio/Reserva-de-Salas/app/helpers/backoffice_helper.rb": {
        "lines": [
          1,
          null
        ]
      },
      "/home/smylle/UnB/1-2021/Engenharia de Software/Projeto/forked sergio/Reserva-de-Salas/app/helpers/backoffice/dashboard_helper.rb": {
        "lines": [
          1,
          1,
          0,
          null,
          null,
          1,
          0,
          null,
          null,
          1,
          0,
          null,
          null,
          1,
          0,
          null,
          null
        ]
      },
      "/home/smylle/UnB/1-2021/Engenharia de Software/Projeto/forked sergio/Reserva-de-Salas/app/helpers/room_helper.rb": {
        "lines": [
          1,
          null
        ]
      },
      "/home/smylle/UnB/1-2021/Engenharia de Software/Projeto/forked sergio/Reserva-de-Salas/app/helpers/rooms_helper.rb": {
        "lines": [
          1,
          null
        ]
      },
      "/home/smylle/UnB/1-2021/Engenharia de Software/Projeto/forked sergio/Reserva-de-Salas/app/helpers/users_helper.rb": {
        "lines": [
          1,
          null
        ]
      },
      "/home/smylle/UnB/1-2021/Engenharia de Software/Projeto/forked sergio/Reserva-de-Salas/app/controllers/backoffice/dashboard_controller.rb": {
        "lines": [
          1,
          1,
          null,
          1,
          1,
          1,
          1,
          1,
          null,
          null
        ]
      },
      "/home/smylle/UnB/1-2021/Engenharia de Software/Projeto/forked sergio/Reserva-de-Salas/app/controllers/backoffice_controller.rb": {
        "lines": [
          1,
          1,
          null,
          null,
          null,
          null,
          null,
          null,
          null,
          null,
          null,
          null,
          null,
          null,
          null,
          null,
          null,
          null,
          null,
          null,
          null,
          null,
          null
        ]
      },
      "/home/smylle/UnB/1-2021/Engenharia de Software/Projeto/forked sergio/Reserva-de-Salas/app/controllers/application_controller.rb": {
        "lines": [
          1,
          1,
          null,
          1,
          1,
          0,
          0,
          null,
          0,
          null,
          null,
          null
        ]
      },
      "/home/smylle/UnB/1-2021/Engenharia de Software/Projeto/forked sergio/Reserva-de-Salas/app/models/room.rb": {
        "lines": [
          null,
          null,
          1,
          1,
          1,
          1,
          1,
          null
        ]
      },
      "/home/smylle/UnB/1-2021/Engenharia de Software/Projeto/forked sergio/Reserva-de-Salas/app/models/appointment.rb": {
        "lines": [
          null,
          null,
          null,
          1,
          1,
          1,
          1,
          1,
          null
        ]
      }
    },
    "timestamp": 1634863936
  }
}
